<?xml version="1.0" encoding="UTF-8"?>
<!-- Generated by org.testng.reporters.JUnitReportReporter -->
<testsuite hostname="HIMANICH" failures="0" tests="1" name="rr.rest.TC01" time="2.846" errors="0" timestamp="2021-10-21T20:22:21 IST" skipped="0">
  <testcase classname="rr.rest.TC01" name="getCity" time="2.846"/>
</testsuite> <!-- rr.rest.TC01 -->
