<?xml version="1.0" encoding="UTF-8"?>
<!-- Generated by org.testng.reporters.JUnitReportReporter -->
<testsuite hostname="HIMANICH" failures="0" tests="1" name="rr.rest.TC10DataDrivenTesting" time="3.040" errors="0" timestamp="2021-10-21T23:09:08 IST" skipped="0">
  <testcase classname="rr.rest.TC10DataDrivenTesting" name="getCity" time="3.040"/>
</testsuite> <!-- rr.rest.TC10DataDrivenTesting -->
