<?xml version="1.0" encoding="UTF-8"?>
<!-- Generated by org.testng.reporters.JUnitReportReporter -->
<testsuite skipped="0" hostname="HIMANICH" name="rr.rest.TC8BasicAuthentication" tests="1" failures="0" timestamp="2021-10-22T23:23:55 IST" time="1.017" errors="0">
  <testcase name="getCity" time="1.017" classname="rr.rest.TC8BasicAuthentication"/>
</testsuite> <!-- rr.rest.TC8BasicAuthentication -->
